<?xml version="1.0" encoding="UTF-8"?>
<!-- Generated by org.testng.reporters.JUnitReportReporter -->
<testsuite hostname="Vijun" name="maven_FirstPackage.SamTest" tests="1" failures="0" timestamp="21 Apr 2016 19:19:13 GMT" time="0.022" errors="0">
  <testcase name="verifyTest" time="0.022" classname="maven_FirstPackage.SamTest"/>
</testsuite> <!-- maven_FirstPackage.SamTest -->
